<?xml version="1.0" encoding="UTF-8"?>
<testsuite name="TestSuite" time="20.809" tests="4" errors="0" skipped="0" failures="1">
  <properties>
[...]
</properties>
  <testcase name="loginPage" classname="com.automation.testcases.MinervaLoginPage" time="5.027"/>
  <testcase name="resetPassword" classname="com.automation.testcases.ResetPasswordPage" time="1.824"/>
  <testcase name="homePage" classname="com.automation.testcases.MinervaHomePage" time="11.914">
    <failure message="Failed" type="java.lang.AssertionError">java.lang.AssertionError: Failed
	at org.testng.Assert.fail(Assert.java:96)
	at com.automation.testcases.MinervaHomePage.homePage(MinervaHomePage.java:71)
</failure>
    <system-out><![CDATA[We are on Home Page
We are searching for : Ruchita
We are redirected to search result page
Result for : Ruchita
Screenshot captured at mentioned location : C:\Users\ruchitat\Desktop\Ruchita\Eclipse Workspace\TestProject\target\surefire-reports\html\error.jpg
]]></system-out>
  </testcase>
  <testcase name="remsPage" classname="com.automation.testcases.MinervaReMSPage" time="2.044"/>
</testsuite>