<?xml version="1.0" encoding="UTF-8"?>
<!-- Generated by org.testng.reporters.JUnitXMLReporter -->
<testsuite hostname="INDHYDEWS014" ignored="2" name="LoginTest" tests="2" failures="1" timestamp="11 Feb 2019 11:40:36 GMT" time="36.444" errors="0">
  <testcase name="login" time="36.413" classname="com.automation.testcases.MinervaLoginPage">
    <failure type="java.lang.AssertionError" message="Login unsuccessful expected [true] but found [false]">
      <![CDATA[java.lang.AssertionError: Login unsuccessful expected [true] but found [false]
at com.automation.testcases.MinervaLoginPage.elementVerification(MinervaLoginPage.java:28)
at com.automation.testcases.MinervaLoginPage.login(MinervaLoginPage.java:40)
... Removed 28 stack frames]]>
    </failure>
  </testcase> <!-- login -->
  <testcase name="titleVerification" time="0.01" classname="com.automation.testcases.MinervaLoginPage"/>
  <testcase name="@BeforeSuite setUp" time="0.0" classname="com.automation.base.TestBase">
    <ignored/>
  </testcase> <!-- @BeforeSuite setUp -->
  <testcase name="@AfterSuite tearDown" time="0.0" classname="com.automation.base.TestBase">
    <ignored/>
  </testcase> <!-- @AfterSuite tearDown -->
</testsuite> <!-- LoginTest -->
