<?xml version="1.0" encoding="UTF-8"?>
<testng-results skipped="0" failed="0" ignored="0" total="4" passed="4">
  <reporter-output>
    <line>
      <![CDATA[Invalid username]]>
    </line>
    <line>
      <![CDATA[Invalid username]]>
    </line>
    <line>
      <![CDATA[Username can not be blank]]>
    </line>
    <line>
      <![CDATA[Invalid username]]>
    </line>
  </reporter-output>
  <suite name="Data driven basics" duration-ms="23698" started-at="2019-02-21T11:40:27Z" finished-at="2019-02-21T11:40:51Z">
    <groups>
    </groups>
    <test name="Login Test" duration-ms="5041" started-at="2019-02-21T11:40:27Z" finished-at="2019-02-21T11:40:32Z">
      <class name="com.automation.testcases.MinervaLoginPage">
        <test-method status="PASS" signature="preRequist()[pri:0, instance:com.automation.testcases.MinervaLoginPage@87f383f]" name="preRequist" is-config="true" duration-ms="112" started-at="2019-02-21T11:40:27Z" finished-at="2019-02-21T11:40:27Z">
          <reporter-output>
          </reporter-output>
        </test-method> <!-- preRequist -->
        <test-method status="PASS" signature="loginPage()[pri:0, instance:com.automation.testcases.MinervaLoginPage@87f383f]" name="loginPage" duration-ms="4909" started-at="2019-02-21T11:40:27Z" finished-at="2019-02-21T11:40:32Z">
          <reporter-output>
          </reporter-output>
        </test-method> <!-- loginPage -->
      </class> <!-- com.automation.testcases.MinervaLoginPage -->
    </test> <!-- Login Test -->
    <test name="Reset password Test" duration-ms="1963" started-at="2019-02-21T11:40:32Z" finished-at="2019-02-21T11:40:34Z">
      <class name="com.automation.testcases.ResetPasswordPage">
        <test-method status="PASS" signature="preRequist()[pri:0, instance:com.automation.testcases.ResetPasswordPage@543c6f6d]" name="preRequist" is-config="true" duration-ms="98" started-at="2019-02-21T11:40:32Z" finished-at="2019-02-21T11:40:32Z">
          <reporter-output>
          </reporter-output>
        </test-method> <!-- preRequist -->
        <test-method status="PASS" signature="resetPassword()[pri:0, instance:com.automation.testcases.ResetPasswordPage@543c6f6d]" name="resetPassword" duration-ms="1863" started-at="2019-02-21T11:40:32Z" finished-at="2019-02-21T11:40:34Z">
          <reporter-output>
            <line>
              <![CDATA[Invalid username]]>
            </line>
            <line>
              <![CDATA[Invalid username]]>
            </line>
            <line>
              <![CDATA[Username can not be blank]]>
            </line>
            <line>
              <![CDATA[Invalid username]]>
            </line>
          </reporter-output>
        </test-method> <!-- resetPassword -->
      </class> <!-- com.automation.testcases.ResetPasswordPage -->
    </test> <!-- Reset password Test -->
    <test name="Home page Test" duration-ms="14345" started-at="2019-02-21T11:40:34Z" finished-at="2019-02-21T11:40:49Z">
      <class name="com.automation.testcases.MinervaHomePage">
        <test-method status="PASS" signature="preRequist()[pri:0, instance:com.automation.testcases.MinervaHomePage@2a70a3d8]" name="preRequist" is-config="true" duration-ms="91" started-at="2019-02-21T11:40:34Z" finished-at="2019-02-21T11:40:34Z">
          <reporter-output>
          </reporter-output>
        </test-method> <!-- preRequist -->
        <test-method status="PASS" signature="homePage()[pri:0, instance:com.automation.testcases.MinervaHomePage@2a70a3d8]" name="homePage" duration-ms="14253" started-at="2019-02-21T11:40:34Z" finished-at="2019-02-21T11:40:49Z">
          <reporter-output>
          </reporter-output>
        </test-method> <!-- homePage -->
      </class> <!-- com.automation.testcases.MinervaHomePage -->
    </test> <!-- Home page Test -->
    <test name="ReMS page Test" duration-ms="2311" started-at="2019-02-21T11:40:49Z" finished-at="2019-02-21T11:40:51Z">
      <class name="com.automation.testcases.MinervaReMSPage">
        <test-method status="PASS" signature="setUp()[pri:0, instance:com.automation.testcases.MinervaReMSPage@a74868d]" name="setUp" is-config="true" duration-ms="5058" started-at="2019-02-21T11:40:22Z" finished-at="2019-02-21T11:40:27Z">
          <reporter-output>
          </reporter-output>
        </test-method> <!-- setUp -->
        <test-method status="PASS" signature="preRequist()[pri:0, instance:com.automation.testcases.MinervaReMSPage@a74868d]" name="preRequist" is-config="true" duration-ms="143" started-at="2019-02-21T11:40:49Z" finished-at="2019-02-21T11:40:49Z">
          <reporter-output>
          </reporter-output>
        </test-method> <!-- preRequist -->
        <test-method status="PASS" signature="remsPage()[pri:0, instance:com.automation.testcases.MinervaReMSPage@a74868d]" name="remsPage" duration-ms="2166" started-at="2019-02-21T11:40:49Z" finished-at="2019-02-21T11:40:51Z">
          <reporter-output>
          </reporter-output>
        </test-method> <!-- remsPage -->
        <test-method status="PASS" signature="tearDown()[pri:0, instance:com.automation.testcases.MinervaReMSPage@a74868d]" name="tearDown" is-config="true" duration-ms="643" started-at="2019-02-21T11:40:51Z" finished-at="2019-02-21T11:40:52Z">
          <reporter-output>
          </reporter-output>
        </test-method> <!-- tearDown -->
      </class> <!-- com.automation.testcases.MinervaReMSPage -->
    </test> <!-- ReMS page Test -->
  </suite> <!-- Data driven basics -->
</testng-results>
